#
# A fatal error has been detected by the Java Runtime Environment:
#
#  Internal Error (safepoint.cpp:919), pid=3083, tid=37895
#  fatal error: Illegal threadstate encountered: 4
#
# JRE version: OpenJDK Runtime Environment Temurin-11.0.14.1+1 (11.0.14.1+1) (build 11.0.14.1+1)
# Java VM: OpenJDK 64-Bit Server VM Temurin-11.0.14.1+1 (11.0.14.1+1, mixed mode, tiered, compressed oops, g1 gc, bsd-amd64)
# No core dump will be written. Core dumps have been disabled. To enable core dumping, try "ulimit -c unlimited" before starting Java again
#
# If you would like to submit a bug report, please visit:
#   https://github.com/adoptium/adoptium-support/issues
# The crash happened outside the Java Virtual Machine in native code.
# See problematic frame for where to report the bug.
#

---------------  S U M M A R Y ------------

Command Line: -Dfile.encoding=UTF-8 it.polito.tdp.itunes.Main

Host: MacBookPro14,1 x86_64 2300 MHz, 4 cores, 8G, Darwin 21.6.0
Time: Tue Sep 13 17:24:03 2022 CEST elapsed time: 10.044023 seconds (0d 0h 0m 10s)

---------------  T H R E A D  ---------------

Current thread (0x00007fbf7b93b800):  JavaThread "InvokeLaterDispatcher" daemon [_thread_in_native, id=37895, stack(0x000070000a04d000,0x000070000a14d000)]

Stack: [0x000070000a04d000,0x000070000a14d000],  sp=0x000070000a14b2d0,  free space=1016k
Native frames: (J=compiled Java code, A=aot compiled Java code, j=interpreted, Vv=VM code, C=native code)
V  [libjvm.dylib+0x7c5ab3]  VMError::report_and_die(int, char const*, char const*, __va_list_tag*, Thread*, unsigned char*, void*, void*, char const*, int, unsigned long)+0x601
V  [libjvm.dylib+0x276985]  report_fatal(VMErrorType, char const*, int, char const*, ...)+0xc0
V  [libjvm.dylib+0x69bc15]  SafepointSynchronize::block(JavaThread*)+0x1d9
V  [libjvm.dylib+0x69d183]  SafepointMechanism::block_if_requested_slow(JavaThread*)+0x1d
V  [libjvm.dylib+0x77e5c4]  JavaThread::check_safepoint_and_suspend_for_native_trans(JavaThread*)+0x9c
V  [libjvm.dylib+0x3f36ae]  jni_DeleteGlobalRef+0x93
C  [libglass.dylib+0x8871]  -[GlassRunnable dealloc]+0x31
C  [Foundation+0x8188e]  -[_NSThreadPerformInfo dealloc]+0x2a
C  [Foundation+0x4e406]  -[NSObject(NSThreadPerformAdditions) performSelectorOnMainThread:withObject:waitUntilDone:]+0x7c
j  com.sun.glass.ui.mac.MacApplication._submitForLaterInvocation(Ljava/lang/Runnable;)V+0
j  com.sun.glass.ui.mac.MacApplication.submitForLaterInvocation(Ljava/lang/Runnable;)V+2
j  com.sun.glass.ui.InvokeLaterDispatcher.run()V+82
v  ~StubRoutines::call_stub
V  [libjvm.dylib+0x3b7c22]  JavaCalls::call_helper(JavaValue*, methodHandle const&, JavaCallArguments*, Thread*)+0x1fe
V  [libjvm.dylib+0x3b7088]  JavaCalls::call_virtual(JavaValue*, Klass*, Symbol*, Symbol*, JavaCallArguments*, Thread*)+0xee
V  [libjvm.dylib+0x3b7144]  JavaCalls::call_virtual(JavaValue*, Handle, Klass*, Symbol*, Symbol*, Thread*)+0x62
V  [libjvm.dylib+0x43dfce]  thread_entry(JavaThread*, Thread*)+0x78
V  [libjvm.dylib+0x77d03c]  JavaThread::thread_main_inner()+0x82
V  [libjvm.dylib+0x77ce86]  JavaThread::run()+0x122
V  [libjvm.dylib+0x77ada0]  Thread::call_run()+0x68
V  [libjvm.dylib+0x6291d1]  thread_native_entry(Thread*)+0x139
C  [libsystem_pthread.dylib+0x64e1]  _pthread_start+0x7d
C  [libsystem_pthread.dylib+0x1f6b]  thread_start+0xf

Java frames: (J=compiled Java code, j=interpreted, Vv=VM code)
j  com.sun.glass.ui.mac.MacApplication._submitForLaterInvocation(Ljava/lang/Runnable;)V+0
j  com.sun.glass.ui.mac.MacApplication.submitForLaterInvocation(Ljava/lang/Runnable;)V+2
j  com.sun.glass.ui.InvokeLaterDispatcher.run()V+82
v  ~StubRoutines::call_stub

---------------  P R O C E S S  ---------------

Threads class SMR info:
_java_thread_list=0x00006000039f5d60, length=18, elements={
0x00007fbf7b818000, 0x00007fbf7c01e000, 0x00007fbf7c011800, 0x00007fbf7b8bd800,
0x00007fbf7d00f000, 0x00007fbf7d012800, 0x00007fbf7d013800, 0x00007fbf7d837000,
0x00007fbf7d0b4000, 0x00007fbf7b8f5800, 0x00007fbf7c0c2800, 0x00007fbf7b93b800,
0x00007fbf7b93c000, 0x00007fbf7c126800, 0x00007fbf7dc26800, 0x00007fbf7dcb0800,
0x00007fbf7bcc2000, 0x00007fbf7c3ec000
}

Java Threads: ( => current thread )
  0x00007fbf7b818000 JavaThread "main" [_thread_blocked, id=9987, stack(0x0000700008d11000,0x0000700008e11000)]
  0x00007fbf7c01e000 JavaThread "Reference Handler" daemon [_thread_blocked, id=13315, stack(0x0000700009426000,0x0000700009526000)]
  0x00007fbf7c011800 JavaThread "Finalizer" daemon [_thread_blocked, id=17411, stack(0x0000700009529000,0x0000700009629000)]
  0x00007fbf7b8bd800 JavaThread "Signal Dispatcher" daemon [_thread_blocked, id=15363, stack(0x0000700009732000,0x0000700009832000)]
  0x00007fbf7d00f000 JavaThread "Service Thread" daemon [_thread_blocked, id=22019, stack(0x0000700009835000,0x0000700009935000)]
  0x00007fbf7d012800 JavaThread "C2 CompilerThread0" daemon [_thread_blocked, id=22531, stack(0x0000700009938000,0x0000700009a38000)]
  0x00007fbf7d013800 JavaThread "C1 CompilerThread0" daemon [_thread_blocked, id=43011, stack(0x0000700009a3b000,0x0000700009b3b000)]
  0x00007fbf7d837000 JavaThread "Sweeper thread" daemon [_thread_blocked, id=23811, stack(0x0000700009b3e000,0x0000700009c3e000)]
  0x00007fbf7d0b4000 JavaThread "Common-Cleaner" daemon [_thread_blocked, id=24835, stack(0x0000700009d44000,0x0000700009e44000)]
  0x00007fbf7b8f5800 JavaThread "JavaFX-Launcher" [_thread_blocked, id=25091, stack(0x0000700009e47000,0x0000700009f47000)]
  0x00007fbf7c0c2800 JavaThread "QuantumRenderer-0" daemon [_thread_blocked, id=41475, stack(0x0000700009f4a000,0x000070000a04a000)]
=>0x00007fbf7b93b800 JavaThread "InvokeLaterDispatcher" daemon [_thread_in_native, id=37895, stack(0x000070000a04d000,0x000070000a14d000)]
  0x00007fbf7b93c000 JavaThread "JavaFX Application Thread" [_thread_in_native_trans, id=259, stack(0x00007ff7bdadc000,0x00007ff7be2dc000)]
  0x00007fbf7c126800 JavaThread "Thread-3" daemon [_thread_blocked, id=46343, stack(0x000070000a150000,0x000070000a1d0000)]
  0x00007fbf7dc26800 JavaThread "Prism Font Disposer" daemon [_thread_blocked, id=56843, stack(0x000070000a6e8000,0x000070000a7e8000)]
  0x00007fbf7dcb0800 JavaThread "Cleaner-0" daemon [_thread_blocked, id=68867, stack(0x000070000a8ee000,0x000070000a9ee000)]
  0x00007fbf7bcc2000 JavaThread "HikariPool-1 housekeeper" daemon [_thread_blocked, id=62991, stack(0x000070000a9f1000,0x000070000aaf1000)]
  0x00007fbf7c3ec000 JavaThread "HikariPool-1 connection adder" daemon [_thread_blocked, id=63491, stack(0x000070000aaf4000,0x000070000abf4000)]

Other Threads:
  0x00007fbf7b8b8000 VMThread "VM Thread" [stack: 0x0000700009323000,0x0000700009423000] [id=18179] _threads_hazard_ptr=0x00006000039f5d60
  0x00007fbf7d808800 WatcherThread [stack: 0x0000700009c41000,0x0000700009d41000] [id=42755]
  0x00007fbf7b81e800 GCTaskThread "GC Thread#0" [stack: 0x0000700008e14000,0x0000700008f14000] [id=11011]
  0x00007fbf7d373800 GCTaskThread "GC Thread#1" [stack: 0x000070000a3df000,0x000070000a4df000] [id=77319]
  0x00007fbf7c128800 GCTaskThread "GC Thread#2" [stack: 0x000070000a4e2000,0x000070000a5e2000] [id=77063]
  0x00007fbf7dbcd000 GCTaskThread "GC Thread#3" [stack: 0x000070000a5e5000,0x000070000a6e5000] [id=54531]
  0x00007fbf7b83f000 ConcurrentGCThread "G1 Main Marker" [stack: 0x0000700008f17000,0x0000700009017000] [id=19971]
  0x00007fbf7b840000 ConcurrentGCThread "G1 Conc#0" [stack: 0x000070000901a000,0x000070000911a000] [id=19459]
  0x00007fbf7b890800 ConcurrentGCThread "G1 Refine#0" [stack: 0x000070000911d000,0x000070000921d000] [id=11779]
  0x00007fbf7c1cf800 ConcurrentGCThread "G1 Refine#1" [stack: 0x000070000a7eb000,0x000070000a8eb000] [id=74755]
  0x00007fbf7b891800 ConcurrentGCThread "G1 Young RemSet Sampling" [stack: 0x0000700009220000,0x0000700009320000] [id=12035]

Threads with active compile tasks:
C2 CompilerThread0  10067 2958       4       com.sun.javafx.css.BitSet::addAll (338 bytes)
C1 CompilerThread0  10067 3114       3       com.sun.marlin.DRenderer::_endRendering (2473 bytes)

VM state:synchronizing (normal execution)

VM Mutex/Monitor currently owned by a thread:  ([mutex/lock_event])
[0x000060000172ff00] Safepoint_lock - owner thread: 0x00007fbf7b8b8000
[0x000060000172ff80] Threads_lock - owner thread: 0x00007fbf7b8b8000

Heap address: 0x0000000780000000, size: 2048 MB, Compressed Oops mode: Zero based, Oop shift amount: 3
Narrow klass base: 0x0000000800000000, Narrow klass shift: 0
Compressed class space size: 1073741824 Address: 0x0000000800000000

Heap:
 garbage-first heap   total 131072K, used 33673K [0x0000000780000000, 0x0000000800000000)
  region size 1024K, 22 young (22528K), 1 survivors (1024K)
 Metaspace       used 29201K, capacity 30316K, committed 30592K, reserved 1075200K
  class space    used 3641K, capacity 4148K, committed 4224K, reserved 1048576K
Heap Regions: E=young(eden), S=young(survivor), O=old, HS=humongous(starts), HC=humongous(continues), CS=collection set, F=free, A=archive, TAMS=top-at-mark-start (previous, next)
|   0|0x0000000780000000, 0x0000000780100000, 0x0000000780100000|100%| O|  |TAMS 0x0000000780100000, 0x0000000780000000| Untracked 
|   1|0x0000000780100000, 0x0000000780200000, 0x0000000780200000|100%| O|  |TAMS 0x0000000780200000, 0x0000000780100000| Untracked 
|   2|0x0000000780200000, 0x0000000780300000, 0x0000000780300000|100%| O|  |TAMS 0x000000078023d600, 0x0000000780200000| Untracked 
|   3|0x0000000780300000, 0x0000000780400000, 0x0000000780400000|100%| O|  |TAMS 0x0000000780300000, 0x0000000780300000| Untracked 
|   4|0x0000000780400000, 0x0000000780500000, 0x0000000780500000|100%| O|  |TAMS 0x0000000780400000, 0x0000000780400000| Untracked 
|   5|0x0000000780500000, 0x0000000780600000, 0x0000000780600000|100%| O|  |TAMS 0x0000000780500000, 0x0000000780500000| Untracked 
|   6|0x0000000780600000, 0x0000000780700000, 0x0000000780700000|100%| O|  |TAMS 0x0000000780600000, 0x0000000780600000| Untracked 
|   7|0x0000000780700000, 0x0000000780710e00, 0x0000000780800000|  6%| O|  |TAMS 0x0000000780700000, 0x0000000780700000| Untracked 
|   8|0x0000000780800000, 0x0000000780900000, 0x0000000780900000|100%|HS|  |TAMS 0x0000000780800000, 0x0000000780800000| Complete 
|   9|0x0000000780900000, 0x0000000780a00000, 0x0000000780a00000|100%|HC|  |TAMS 0x0000000780900000, 0x0000000780900000| Complete 
|  10|0x0000000780a00000, 0x0000000780b00000, 0x0000000780b00000|100%|HS|  |TAMS 0x0000000780a00000, 0x0000000780a00000| Complete 
|  11|0x0000000780b00000, 0x0000000780c00000, 0x0000000780c00000|100%|HS|  |TAMS 0x0000000780b00000, 0x0000000780b00000| Complete 
|  12|0x0000000780c00000, 0x0000000780d00000, 0x0000000780d00000|100%|HC|  |TAMS 0x0000000780c00000, 0x0000000780c00000| Complete 
|  13|0x0000000780d00000, 0x0000000780d00000, 0x0000000780e00000|  0%| F|  |TAMS 0x0000000780d00000, 0x0000000780d00000| Untracked 
|  14|0x0000000780e00000, 0x0000000780e00000, 0x0000000780f00000|  0%| F|  |TAMS 0x0000000780e00000, 0x0000000780e00000| Untracked 
|  15|0x0000000780f00000, 0x0000000780f00000, 0x0000000781000000|  0%| F|  |TAMS 0x0000000780f00000, 0x0000000780f00000| Untracked 
|  16|0x0000000781000000, 0x0000000781000000, 0x0000000781100000|  0%| F|  |TAMS 0x0000000781000000, 0x0000000781000000| Untracked 
|  17|0x0000000781100000, 0x0000000781100000, 0x0000000781200000|  0%| F|  |TAMS 0x0000000781100000, 0x0000000781100000| Untracked 
|  18|0x0000000781200000, 0x0000000781200000, 0x0000000781300000|  0%| F|  |TAMS 0x0000000781200000, 0x0000000781200000| Untracked 
|  19|0x0000000781300000, 0x0000000781300000, 0x0000000781400000|  0%| F|  |TAMS 0x0000000781300000, 0x0000000781300000| Untracked 
|  20|0x0000000781400000, 0x0000000781400000, 0x0000000781500000|  0%| F|  |TAMS 0x0000000781400000, 0x0000000781400000| Untracked 
|  21|0x0000000781500000, 0x0000000781500000, 0x0000000781600000|  0%| F|  |TAMS 0x0000000781500000, 0x0000000781500000| Untracked 
|  22|0x0000000781600000, 0x0000000781600000, 0x0000000781700000|  0%| F|  |TAMS 0x0000000781600000, 0x0000000781600000| Untracked 
|  23|0x0000000781700000, 0x0000000781700000, 0x0000000781800000|  0%| F|  |TAMS 0x0000000781700000, 0x0000000781700000| Untracked 
|  24|0x0000000781800000, 0x0000000781800000, 0x0000000781900000|  0%| F|  |TAMS 0x0000000781800000, 0x0000000781800000| Untracked 
|  25|0x0000000781900000, 0x0000000781900000, 0x0000000781a00000|  0%| F|  |TAMS 0x0000000781900000, 0x0000000781900000| Untracked 
|  26|0x0000000781a00000, 0x0000000781a00000, 0x0000000781b00000|  0%| F|  |TAMS 0x0000000781a00000, 0x0000000781a00000| Untracked 
|  27|0x0000000781b00000, 0x0000000781b00000, 0x0000000781c00000|  0%| F|  |TAMS 0x0000000781b00000, 0x0000000781b00000| Untracked 
|  28|0x0000000781c00000, 0x0000000781c00000, 0x0000000781d00000|  0%| F|  |TAMS 0x0000000781c00000, 0x0000000781c00000| Untracked 
|  29|0x0000000781d00000, 0x0000000781d00000, 0x0000000781e00000|  0%| F|  |TAMS 0x0000000781d00000, 0x0000000781d00000| Untracked 
|  30|0x0000000781e00000, 0x0000000781e00000, 0x0000000781f00000|  0%| F|  |TAMS 0x0000000781e00000, 0x0000000781e00000| Untracked 
|  31|0x0000000781f00000, 0x0000000781f00000, 0x0000000782000000|  0%| F|  |TAMS 0x0000000781f00000, 0x0000000781f00000| Untracked 
|  32|0x0000000782000000, 0x0000000782000000, 0x0000000782100000|  0%| F|  |TAMS 0x0000000782000000, 0x0000000782000000| Untracked 
|  33|0x0000000782100000, 0x0000000782100000, 0x0000000782200000|  0%| F|  |TAMS 0x0000000782100000, 0x0000000782100000| Untracked 
|  34|0x0000000782200000, 0x0000000782200000, 0x0000000782300000|  0%| F|  |TAMS 0x0000000782200000, 0x0000000782200000| Untracked 
|  35|0x0000000782300000, 0x0000000782300000, 0x0000000782400000|  0%| F|  |TAMS 0x0000000782300000, 0x0000000782300000| Untracked 
|  36|0x0000000782400000, 0x0000000782400000, 0x0000000782500000|  0%| F|  |TAMS 0x0000000782400000, 0x0000000782400000| Untracked 
|  37|0x0000000782500000, 0x0000000782500000, 0x0000000782600000|  0%| F|  |TAMS 0x0000000782500000, 0x0000000782500000| Untracked 
|  38|0x0000000782600000, 0x0000000782600000, 0x0000000782700000|  0%| F|  |TAMS 0x0000000782600000, 0x0000000782600000| Untracked 
|  39|0x0000000782700000, 0x0000000782700000, 0x0000000782800000|  0%| F|  |TAMS 0x0000000782700000, 0x0000000782700000| Untracked 
|  40|0x0000000782800000, 0x0000000782800000, 0x0000000782900000|  0%| F|  |TAMS 0x0000000782800000, 0x0000000782800000| Untracked 
|  41|0x0000000782900000, 0x0000000782900000, 0x0000000782a00000|  0%| F|  |TAMS 0x0000000782900000, 0x0000000782900000| Untracked 
|  42|0x0000000782a00000, 0x0000000782a00000, 0x0000000782b00000|  0%| F|  |TAMS 0x0000000782a00000, 0x0000000782a00000| Untracked 
|  43|0x0000000782b00000, 0x0000000782b00000, 0x0000000782c00000|  0%| F|  |TAMS 0x0000000782b00000, 0x0000000782b00000| Untracked 
|  44|0x0000000782c00000, 0x0000000782c00000, 0x0000000782d00000|  0%| F|  |TAMS 0x0000000782c00000, 0x0000000782c00000| Untracked 
|  45|0x0000000782d00000, 0x0000000782d00000, 0x0000000782e00000|  0%| F|  |TAMS 0x0000000782d00000, 0x0000000782d00000| Untracked 
|  46|0x0000000782e00000, 0x0000000782e00000, 0x0000000782f00000|  0%| F|  |TAMS 0x0000000782e00000, 0x0000000782e00000| Untracked 
|  47|0x0000000782f00000, 0x0000000782f00000, 0x0000000783000000|  0%| F|  |TAMS 0x0000000782f00000, 0x0000000782f00000| Untracked 
|  48|0x0000000783000000, 0x0000000783000000, 0x0000000783100000|  0%| F|  |TAMS 0x0000000783000000, 0x0000000783000000| Untracked 
|  49|0x0000000783100000, 0x0000000783100000, 0x0000000783200000|  0%| F|  |TAMS 0x0000000783100000, 0x0000000783100000| Untracked 
|  50|0x0000000783200000, 0x0000000783200000, 0x0000000783300000|  0%| F|  |TAMS 0x0000000783200000, 0x0000000783200000| Untracked 
|  51|0x0000000783300000, 0x0000000783300000, 0x0000000783400000|  0%| F|  |TAMS 0x0000000783300000, 0x0000000783300000| Untracked 
|  52|0x0000000783400000, 0x0000000783400000, 0x0000000783500000|  0%| F|  |TAMS 0x0000000783400000, 0x0000000783400000| Untracked 
|  53|0x0000000783500000, 0x0000000783500000, 0x0000000783600000|  0%| F|  |TAMS 0x0000000783500000, 0x0000000783500000| Untracked 
|  54|0x0000000783600000, 0x0000000783600000, 0x0000000783700000|  0%| F|  |TAMS 0x0000000783600000, 0x0000000783600000| Untracked 
|  55|0x0000000783700000, 0x0000000783700000, 0x0000000783800000|  0%| F|  |TAMS 0x0000000783700000, 0x0000000783700000| Untracked 
|  56|0x0000000783800000, 0x0000000783800000, 0x0000000783900000|  0%| F|  |TAMS 0x0000000783800000, 0x0000000783800000| Untracked 
|  57|0x0000000783900000, 0x0000000783900000, 0x0000000783a00000|  0%| F|  |TAMS 0x0000000783900000, 0x0000000783900000| Untracked 
|  58|0x0000000783a00000, 0x0000000783a00000, 0x0000000783b00000|  0%| F|  |TAMS 0x0000000783a00000, 0x0000000783a00000| Untracked 
|  59|0x0000000783b00000, 0x0000000783b00000, 0x0000000783c00000|  0%| F|  |TAMS 0x0000000783b00000, 0x0000000783b00000| Untracked 
|  60|0x0000000783c00000, 0x0000000783c00000, 0x0000000783d00000|  0%| F|  |TAMS 0x0000000783c00000, 0x0000000783c00000| Untracked 
|  61|0x0000000783d00000, 0x0000000783d00000, 0x0000000783e00000|  0%| F|  |TAMS 0x0000000783d00000, 0x0000000783d00000| Untracked 
|  62|0x0000000783e00000, 0x0000000783e00000, 0x0000000783f00000|  0%| F|  |TAMS 0x0000000783e00000, 0x0000000783e00000| Untracked 
|  63|0x0000000783f00000, 0x0000000783f00000, 0x0000000784000000|  0%| F|  |TAMS 0x0000000783f00000, 0x0000000783f00000| Untracked 
|  64|0x0000000784000000, 0x0000000784000000, 0x0000000784100000|  0%| F|  |TAMS 0x0000000784000000, 0x0000000784000000| Untracked 
|  65|0x0000000784100000, 0x0000000784100000, 0x0000000784200000|  0%| F|  |TAMS 0x0000000784100000, 0x0000000784100000| Untracked 
|  66|0x0000000784200000, 0x0000000784200000, 0x0000000784300000|  0%| F|  |TAMS 0x0000000784200000, 0x0000000784200000| Untracked 
|  67|0x0000000784300000, 0x0000000784300000, 0x0000000784400000|  0%| F|  |TAMS 0x0000000784300000, 0x0000000784300000| Untracked 
|  68|0x0000000784400000, 0x0000000784400000, 0x0000000784500000|  0%| F|  |TAMS 0x0000000784400000, 0x0000000784400000| Untracked 
|  69|0x0000000784500000, 0x0000000784500000, 0x0000000784600000|  0%| F|  |TAMS 0x0000000784500000, 0x0000000784500000| Untracked 
|  70|0x0000000784600000, 0x0000000784600000, 0x0000000784700000|  0%| F|  |TAMS 0x0000000784600000, 0x0000000784600000| Untracked 
|  71|0x0000000784700000, 0x0000000784700000, 0x0000000784800000|  0%| F|  |TAMS 0x0000000784700000, 0x0000000784700000| Untracked 
|  72|0x0000000784800000, 0x0000000784800000, 0x0000000784900000|  0%| F|  |TAMS 0x0000000784800000, 0x0000000784800000| Untracked 
|  73|0x0000000784900000, 0x0000000784900000, 0x0000000784a00000|  0%| F|  |TAMS 0x0000000784900000, 0x0000000784900000| Untracked 
|  74|0x0000000784a00000, 0x0000000784a00000, 0x0000000784b00000|  0%| F|  |TAMS 0x0000000784a00000, 0x0000000784a00000| Untracked 
|  75|0x0000000784b00000, 0x0000000784b00000, 0x0000000784c00000|  0%| F|  |TAMS 0x0000000784b00000, 0x0000000784b00000| Untracked 
|  76|0x0000000784c00000, 0x0000000784c00000, 0x0000000784d00000|  0%| F|  |TAMS 0x0000000784c00000, 0x0000000784c00000| Untracked 
|  77|0x0000000784d00000, 0x0000000784d00000, 0x0000000784e00000|  0%| F|  |TAMS 0x0000000784d00000, 0x0000000784d00000| Untracked 
|  78|0x0000000784e00000, 0x0000000784e00000, 0x0000000784f00000|  0%| F|  |TAMS 0x0000000784e00000, 0x0000000784e00000| Untracked 
|  79|0x0000000784f00000, 0x0000000784f00000, 0x0000000785000000|  0%| F|  |TAMS 0x0000000784f00000, 0x0000000784f00000| Untracked 
|  80|0x0000000785000000, 0x0000000785000000, 0x0000000785100000|  0%| F|  |TAMS 0x0000000785000000, 0x0000000785000000| Untracked 
|  81|0x0000000785100000, 0x0000000785100000, 0x0000000785200000|  0%| F|  |TAMS 0x0000000785100000, 0x0000000785100000| Untracked 
|  82|0x0000000785200000, 0x0000000785200000, 0x0000000785300000|  0%| F|  |TAMS 0x0000000785200000, 0x0000000785200000| Untracked 
|  83|0x0000000785300000, 0x0000000785300000, 0x0000000785400000|  0%| F|  |TAMS 0x0000000785300000, 0x0000000785300000| Untracked 
|  84|0x0000000785400000, 0x0000000785400000, 0x0000000785500000|  0%| F|  |TAMS 0x0000000785400000, 0x0000000785400000| Untracked 
|  85|0x0000000785500000, 0x0000000785500000, 0x0000000785600000|  0%| F|  |TAMS 0x0000000785500000, 0x0000000785500000| Untracked 
|  86|0x0000000785600000, 0x0000000785600000, 0x0000000785700000|  0%| F|  |TAMS 0x0000000785600000, 0x0000000785600000| Untracked 
|  87|0x0000000785700000, 0x0000000785700000, 0x0000000785800000|  0%| F|  |TAMS 0x0000000785700000, 0x0000000785700000| Untracked 
|  88|0x0000000785800000, 0x0000000785800000, 0x0000000785900000|  0%| F|  |TAMS 0x0000000785800000, 0x0000000785800000| Untracked 
|  89|0x0000000785900000, 0x0000000785900000, 0x0000000785a00000|  0%| F|  |TAMS 0x0000000785900000, 0x0000000785900000| Untracked 
|  90|0x0000000785a00000, 0x0000000785a00000, 0x0000000785b00000|  0%| F|  |TAMS 0x0000000785a00000, 0x0000000785a00000| Untracked 
|  91|0x0000000785b00000, 0x0000000785b00000, 0x0000000785c00000|  0%| F|  |TAMS 0x0000000785b00000, 0x0000000785b00000| Untracked 
|  92|0x0000000785c00000, 0x0000000785c00000, 0x0000000785d00000|  0%| F|  |TAMS 0x0000000785c00000, 0x0000000785c00000| Untracked 
|  93|0x0000000785d00000, 0x0000000785d00000, 0x0000000785e00000|  0%| F|  |TAMS 0x0000000785d00000, 0x0000000785d00000| Untracked 
|  94|0x0000000785e00000, 0x0000000785e00000, 0x0000000785f00000|  0%| F|  |TAMS 0x0000000785e00000, 0x0000000785e00000| Untracked 
|  95|0x0000000785f00000, 0x0000000785f00000, 0x0000000786000000|  0%| F|  |TAMS 0x0000000785f00000, 0x0000000785f00000| Untracked 
|  96|0x0000000786000000, 0x0000000786000000, 0x0000000786100000|  0%| F|  |TAMS 0x0000000786000000, 0x0000000786000000| Untracked 
|  97|0x0000000786100000, 0x0000000786100000, 0x0000000786200000|  0%| F|  |TAMS 0x0000000786100000, 0x0000000786100000| Untracked 
|  98|0x0000000786200000, 0x0000000786200000, 0x0000000786300000|  0%| F|  |TAMS 0x0000000786200000, 0x0000000786200000| Untracked 
|  99|0x0000000786300000, 0x0000000786300000, 0x0000000786400000|  0%| F|  |TAMS 0x0000000786300000, 0x0000000786300000| Untracked 
| 100|0x0000000786400000, 0x0000000786400000, 0x0000000786500000|  0%| F|  |TAMS 0x0000000786400000, 0x0000000786400000| Untracked 
| 101|0x0000000786500000, 0x0000000786500000, 0x0000000786600000|  0%| F|  |TAMS 0x0000000786500000, 0x0000000786500000| Untracked 
| 102|0x0000000786600000, 0x0000000786600000, 0x0000000786700000|  0%| F|  |TAMS 0x0000000786600000, 0x0000000786600000| Untracked 
| 103|0x0000000786700000, 0x0000000786700000, 0x0000000786800000|  0%| F|  |TAMS 0x0000000786700000, 0x0000000786700000| Untracked 
| 104|0x0000000786800000, 0x0000000786800000, 0x0000000786900000|  0%| F|  |TAMS 0x0000000786800000, 0x0000000786800000| Untracked 
| 105|0x0000000786900000, 0x0000000786900000, 0x0000000786a00000|  0%| F|  |TAMS 0x0000000786900000, 0x0000000786900000| Untracked 
| 106|0x0000000786a00000, 0x0000000786a71718, 0x0000000786b00000| 44%| E|  |TAMS 0x0000000786a00000, 0x0000000786a00000| Complete 
| 107|0x0000000786b00000, 0x0000000786c00000, 0x0000000786c00000|100%| E|CS|TAMS 0x0000000786b00000, 0x0000000786b00000| Complete 
| 108|0x0000000786c00000, 0x0000000786d00000, 0x0000000786d00000|100%| E|CS|TAMS 0x0000000786c00000, 0x0000000786c00000| Complete 
| 109|0x0000000786d00000, 0x0000000786e00000, 0x0000000786e00000|100%| E|CS|TAMS 0x0000000786d00000, 0x0000000786d00000| Complete 
| 110|0x0000000786e00000, 0x0000000786f00000, 0x0000000786f00000|100%| E|CS|TAMS 0x0000000786e00000, 0x0000000786e00000| Complete 
| 111|0x0000000786f00000, 0x0000000787000000, 0x0000000787000000|100%| E|CS|TAMS 0x0000000786f00000, 0x0000000786f00000| Complete 
| 112|0x0000000787000000, 0x0000000787100000, 0x0000000787100000|100%| E|CS|TAMS 0x0000000787000000, 0x0000000787000000| Complete 
| 113|0x0000000787100000, 0x0000000787200000, 0x0000000787200000|100%| E|CS|TAMS 0x0000000787100000, 0x0000000787100000| Complete 
| 114|0x0000000787200000, 0x0000000787300000, 0x0000000787300000|100%| E|CS|TAMS 0x0000000787200000, 0x0000000787200000| Complete 
| 115|0x0000000787300000, 0x0000000787400000, 0x0000000787400000|100%| E|CS|TAMS 0x0000000787300000, 0x0000000787300000| Complete 
| 116|0x0000000787400000, 0x0000000787500000, 0x0000000787500000|100%| E|CS|TAMS 0x0000000787400000, 0x0000000787400000| Complete 
| 117|0x0000000787500000, 0x0000000787600000, 0x0000000787600000|100%| E|CS|TAMS 0x0000000787500000, 0x0000000787500000| Complete 
| 118|0x0000000787600000, 0x0000000787700000, 0x0000000787700000|100%| E|CS|TAMS 0x0000000787600000, 0x0000000787600000| Complete 
| 119|0x0000000787700000, 0x0000000787800000, 0x0000000787800000|100%| E|CS|TAMS 0x0000000787700000, 0x0000000787700000| Complete 
| 120|0x0000000787800000, 0x00000007878d1690, 0x0000000787900000| 81%| S|CS|TAMS 0x0000000787800000, 0x0000000787800000| Complete 
| 121|0x0000000787900000, 0x0000000787a00000, 0x0000000787a00000|100%| E|CS|TAMS 0x0000000787900000, 0x0000000787900000| Complete 
| 122|0x0000000787a00000, 0x0000000787b00000, 0x0000000787b00000|100%| E|CS|TAMS 0x0000000787a00000, 0x0000000787a00000| Complete 
| 123|0x0000000787b00000, 0x0000000787c00000, 0x0000000787c00000|100%| E|CS|TAMS 0x0000000787b00000, 0x0000000787b00000| Complete 
| 124|0x0000000787c00000, 0x0000000787d00000, 0x0000000787d00000|100%| E|CS|TAMS 0x0000000787c00000, 0x0000000787c00000| Complete 
| 125|0x0000000787d00000, 0x0000000787e00000, 0x0000000787e00000|100%| E|CS|TAMS 0x0000000787d00000, 0x0000000787d00000| Complete 
| 126|0x0000000787e00000, 0x0000000787f00000, 0x0000000787f00000|100%| E|CS|TAMS 0x0000000787e00000, 0x0000000787e00000| Complete 
| 127|0x0000000787f00000, 0x0000000788000000, 0x0000000788000000|100%| E|CS|TAMS 0x0000000787f00000, 0x0000000787f00000| Complete 

Card table byte_map: [0x00000001023f2000,0x00000001027f2000] _byte_map_base: 0x00000000fe7f2000

Marking Bits (Prev, Next): (CMBitMap*) 0x00007fbf7b836850, (CMBitMap*) 0x00007fbf7b836818
 Prev Bits: [0x000000011ec49000, 0x0000000120c49000)
 Next Bits: [0x000000011cc49000, 0x000000011ec49000)

Polling page: 0x0000000101d63000

Metaspace:

Usage:
  Non-class:     25.55 MB capacity,    24.96 MB ( 98%) used,   475.96 KB (  2%) free+waste,   132.12 KB ( <1%) overhead. 
      Class:      4.05 MB capacity,     3.56 MB ( 88%) used,   440.54 KB ( 11%) free+waste,    65.94 KB (  2%) overhead. 
       Both:     29.61 MB capacity,    28.52 MB ( 96%) used,   916.50 KB (  3%) free+waste,   198.06 KB ( <1%) overhead. 

Virtual space:
  Non-class space:       26.00 MB reserved,      25.75 MB (>99%) committed 
      Class space:        1.00 GB reserved,       4.12 MB ( <1%) committed 
             Both:        1.03 GB reserved,      29.88 MB (  3%) committed 

Chunk freelists:
   Non-Class:  44.00 KB
       Class:  12.00 KB
        Both:  56.00 KB

MaxMetaspaceSize: unlimited
CompressedClassSpaceSize: 1.00 GB
Initial GC threshold: 20.80 MB
Current GC threshold: 35.00 MB
CDS: off

CodeHeap 'non-profiled nmethods': size=120032Kb used=1319Kb max_used=1319Kb free=118712Kb
 bounds [0x0000000115711000, 0x0000000115981000, 0x000000011cc49000]
CodeHeap 'profiled nmethods': size=120032Kb used=5890Kb max_used=5890Kb free=114141Kb
 bounds [0x000000010e1d9000, 0x000000010e7a9000, 0x0000000115711000]
CodeHeap 'non-nmethods': size=5696Kb used=1466Kb max_used=1498Kb free=4230Kb
 bounds [0x000000010dc49000, 0x000000010deb9000, 0x000000010e1d9000]
 total_blobs=3887 nmethods=3076 adapters=724
 compilation: enabled
              stopped_count=0, restarted_count=0
 full_count=0

Compilation events (20 events):
Event: 10.006 Thread 0x00007fbf7d013800 3084       3       javafx.scene.layout.Region$StyleableProperties$1::getStyleableProperty (8 bytes)
Event: 10.006 Thread 0x00007fbf7d013800 nmethod 3084 0x000000010e77de10 code [0x000000010e77dfc0, 0x000000010e77e1f0]
Event: 10.006 Thread 0x00007fbf7d013800 3085       3       javafx.css.converter.EnumConverter::convert (7 bytes)
Event: 10.006 Thread 0x00007fbf7d013800 nmethod 3085 0x000000010e77e310 code [0x000000010e77e4c0, 0x000000010e77e5e0]
Event: 10.006 Thread 0x00007fbf7d013800 3087       3       javafx.scene.Parent::doProcessCSS (131 bytes)
Event: 10.008 Thread 0x00007fbf7d013800 nmethod 3087 0x000000010e77e690 code [0x000000010e77e960, 0x000000010e77f9b0]
Event: 10.008 Thread 0x00007fbf7d013800 3088       3       javafx.css.SizeUnits$5::pixels (11 bytes)
Event: 10.008 Thread 0x00007fbf7d013800 nmethod 3088 0x000000010e77fd90 code [0x000000010e77ffa0, 0x000000010e780680]
Event: 10.008 Thread 0x00007fbf7d013800 3089       3       javafx.css.SizeUnits::access$300 (5 bytes)
Event: 10.009 Thread 0x00007fbf7d013800 nmethod 3089 0x000000010e780910 code [0x000000010e780b60, 0x000000010e781390]
Event: 10.009 Thread 0x00007fbf7d013800 3090       3       javafx.css.SizeUnits::pixelSize (18 bytes)
Event: 10.009 Thread 0x00007fbf7d013800 nmethod 3090 0x000000010e781690 code [0x000000010e7818e0, 0x000000010e7820b0]
Event: 10.009 Thread 0x00007fbf7d013800 3091       3       javafx.css.SizeUnits::access$200 (5 bytes)
Event: 10.010 Thread 0x00007fbf7d013800 nmethod 3091 0x000000010e782390 code [0x000000010e782540, 0x000000010e782640]
Event: 10.010 Thread 0x00007fbf7d013800 3086   !   3       javafx.css.converter.EnumConverter::convert (75 bytes)
Event: 10.011 Thread 0x00007fbf7d013800 nmethod 3086 0x000000010e782710 code [0x000000010e7829a0, 0x000000010e783330]
Event: 10.011 Thread 0x00007fbf7d013800 3092       3       javafx.scene.CssStyleHelper::lookupFont (1234 bytes)
Event: 10.029 Thread 0x00007fbf7d013800 nmethod 3092 0x000000010e783790 code [0x000000010e784320, 0x000000010e78c5f0]
Event: 10.029 Thread 0x00007fbf7d013800 3094   !   3       com.sun.javafx.text.PrismTextLayout::layout (1635 bytes)
Event: 10.035 Thread 0x00007fbf7d012800 nmethod 2954 0x0000000115857290 code [0x0000000115857580, 0x00000001158593e0]

GC Heap History (6 events):
Event: 1.080 GC heap before
{Heap before GC invocations=0 (full 0):
 garbage-first heap   total 131072K, used 14336K [0x0000000780000000, 0x0000000800000000)
  region size 1024K, 14 young (14336K), 0 survivors (0K)
 Metaspace       used 10183K, capacity 10513K, committed 10752K, reserved 1058816K
  class space    used 1024K, capacity 1170K, committed 1280K, reserved 1048576K
}
Event: 1.086 GC heap after
{Heap after GC invocations=1 (full 0):
 garbage-first heap   total 131072K, used 2620K [0x0000000780000000, 0x0000000800000000)
  region size 1024K, 2 young (2048K), 2 survivors (2048K)
 Metaspace       used 10183K, capacity 10513K, committed 10752K, reserved 1058816K
  class space    used 1024K, capacity 1170K, committed 1280K, reserved 1048576K
}
Event: 2.289 GC heap before
{Heap before GC invocations=1 (full 0):
 garbage-first heap   total 131072K, used 29244K [0x0000000780000000, 0x0000000800000000)
  region size 1024K, 29 young (29696K), 2 survivors (2048K)
 Metaspace       used 20497K, capacity 21145K, committed 21248K, reserved 1067008K
  class space    used 2501K, capacity 2763K, committed 2816K, reserved 1048576K
}
Event: 2.309 GC heap after
{Heap after GC invocations=2 (full 0):
 garbage-first heap   total 131072K, used 7413K [0x0000000780000000, 0x0000000800000000)
  region size 1024K, 5 young (5120K), 5 survivors (5120K)
 Metaspace       used 20497K, capacity 21145K, committed 21248K, reserved 1067008K
  class space    used 2501K, capacity 2763K, committed 2816K, reserved 1048576K
}
Event: 2.503 GC heap before
{Heap before GC invocations=3 (full 0):
 garbage-first heap   total 131072K, used 14581K [0x0000000780000000, 0x0000000800000000)
  region size 1024K, 12 young (12288K), 5 survivors (5120K)
 Metaspace       used 22484K, capacity 23386K, committed 23680K, reserved 1069056K
  class space    used 2956K, capacity 3341K, committed 3456K, reserved 1048576K
}
Event: 2.514 GC heap after
{Heap after GC invocations=4 (full 0):
 garbage-first heap   total 131072K, used 8073K [0x0000000780000000, 0x0000000800000000)
  region size 1024K, 1 young (1024K), 1 survivors (1024K)
 Metaspace       used 22484K, capacity 23386K, committed 23680K, reserved 1069056K
  class space    used 2956K, capacity 3341K, committed 3456K, reserved 1048576K
}

Deoptimization events (20 events):
Event: 9.927 Thread 0x00007fbf7b93c000 Uncommon trap: trap_request=0xffffffbe fr.pc=0x000000011584ddac relative=0x000000000000056c
Event: 9.927 Thread 0x00007fbf7b93c000 Uncommon trap: reason=profile_predicate action=maybe_recompile pc=0x000000011584ddac method=com.sun.javafx.css.BitSet.addAll(Ljava/util/Collection;)Z @ 86 c2
Event: 9.927 Thread 0x00007fbf7b93c000 DEOPT PACKING pc=0x000000011584ddac sp=0x00007ff7be2d4120
Event: 9.927 Thread 0x00007fbf7b93c000 DEOPT UNPACKING pc=0x000000010dc92ea5 sp=0x00007ff7be2d4080 mode 2
Event: 9.996 Thread 0x00007fbf7b93c000 Uncommon trap: trap_request=0xffffffde fr.pc=0x000000011582fe74 relative=0x00000000000010d4
Event: 9.996 Thread 0x00007fbf7b93c000 Uncommon trap: reason=class_check action=maybe_recompile pc=0x000000011582fe74 method=javafx.scene.Node.updateLocalToParentTransform()V @ 11 c2
Event: 9.996 Thread 0x00007fbf7b93c000 DEOPT PACKING pc=0x000000011582fe74 sp=0x00007ff7be2d0630
Event: 9.996 Thread 0x00007fbf7b93c000 DEOPT UNPACKING pc=0x000000010dc92ea5 sp=0x00007ff7be2d05f0 mode 2
Event: 9.997 Thread 0x00007fbf7b93c000 Uncommon trap: trap_request=0xffffffde fr.pc=0x000000011582fe74 relative=0x00000000000010d4
Event: 9.997 Thread 0x00007fbf7b93c000 Uncommon trap: reason=class_check action=maybe_recompile pc=0x000000011582fe74 method=javafx.scene.Node.updateLocalToParentTransform()V @ 11 c2
Event: 9.997 Thread 0x00007fbf7b93c000 DEOPT PACKING pc=0x000000011582fe74 sp=0x00007ff7be2cf3d0
Event: 9.997 Thread 0x00007fbf7b93c000 DEOPT UNPACKING pc=0x000000010dc92ea5 sp=0x00007ff7be2cf390 mode 2
Event: 9.997 Thread 0x00007fbf7b93c000 Uncommon trap: trap_request=0xffffffde fr.pc=0x000000011582fe74 relative=0x00000000000010d4
Event: 9.997 Thread 0x00007fbf7b93c000 Uncommon trap: reason=class_check action=maybe_recompile pc=0x000000011582fe74 method=javafx.scene.Node.updateLocalToParentTransform()V @ 11 c2
Event: 9.997 Thread 0x00007fbf7b93c000 DEOPT PACKING pc=0x000000011582fe74 sp=0x00007ff7be2cf3d0
Event: 9.997 Thread 0x00007fbf7b93c000 DEOPT UNPACKING pc=0x000000010dc92ea5 sp=0x00007ff7be2cf390 mode 2
Event: 9.997 Thread 0x00007fbf7b93c000 Uncommon trap: trap_request=0xffffffde fr.pc=0x000000011582fe74 relative=0x00000000000010d4
Event: 9.997 Thread 0x00007fbf7b93c000 Uncommon trap: reason=class_check action=maybe_recompile pc=0x000000011582fe74 method=javafx.scene.Node.updateLocalToParentTransform()V @ 11 c2
Event: 9.997 Thread 0x00007fbf7b93c000 DEOPT PACKING pc=0x000000011582fe74 sp=0x00007ff7be2cf430
Event: 9.997 Thread 0x00007fbf7b93c000 DEOPT UNPACKING pc=0x000000010dc92ea5 sp=0x00007ff7be2cf3f0 mode 2

Classes redefined (0 events):
No events

Internal exceptions (20 events):
Event: 1.726 Thread 0x00007fbf7b93c000 Implicit null exception at 0x000000011577a395 to 0x000000011577a590
Event: 2.139 Thread 0x00007fbf7b93c000 Exception <a 'java/lang/NoSuchMethodError'{0x00000007867cc310}: 'java.lang.Object java.lang.invoke.Invokers$Holder.linkToTargetMethod(java.lang.Object, int, java.lang.Object)'> (0x00000007867cc310) thrown at [./src/hotspot/share/interpreter/linkResolver.cpp, line 773]
Event: 2.165 Thread 0x00007fbf7b93c000 Exception <a 'java/lang/NoSuchMethodError'{0x00000007866650e0}: 'java.lang.Object java.lang.invoke.DirectMethodHandle$Holder.invokeInterface(java.lang.Object, java.lang.Object, java.lang.Object)'> (0x00000007866650e0) thrown at [./src/hotspot/share/interpreter/linkResolver.cpp, line 773]
Event: 2.165 Thread 0x00007fbf7b93c000 Exception <a 'java/lang/IncompatibleClassChangeError'{0x0000000786668298}: Found class java.lang.Object, but interface was expected> (0x0000000786668298) thrown at [./src/hotspot/share/interpreter/linkResolver.cpp, line 839]
Event: 2.430 Thread 0x00007fbf7b93c000 Exception <a 'java/lang/NoSuchMethodError'{0x0000000787b2bc50}: 'void java.lang.invoke.DirectMethodHandle$Holder.invokeSpecialIFC(java.lang.Object, java.lang.Object, java.lang.Object, java.lang.Object)'> (0x0000000787b2bc50) thrown at [./src/hotspot/share/interpreter/linkResolver.cpp, line 773]
Event: 2.619 Thread 0x00007fbf7b93c000 Exception <a 'java/lang/NoSuchMethodError'{0x0000000787c6d100}: 'java.lang.Object java.lang.invoke.Invokers$Holder.linkToTargetMethod(java.lang.Object, int, int, java.lang.Object)'> (0x0000000787c6d100) thrown at [./src/hotspot/share/interpreter/linkResolver.cpp, line 773]
Event: 2.713 Thread 0x00007fbf7c0c2800 Exception <a 'java/lang/NoSuchMethodError'{0x0000000787a35f70}: 'int java.lang.invoke.DirectMethodHandle$Holder.invokeStaticInit(java.lang.Object, java.lang.Object)'> (0x0000000787a35f70) thrown at [./src/hotspot/share/interpreter/linkResolver.cpp, line 773]
Event: 3.381 Thread 0x00007fbf7b93c000 Exception <a 'java/lang/NoSuchMethodError'{0x0000000787bbee38}: 'java.lang.Object java.lang.invoke.DirectMethodHandle$Holder.invokeStatic(java.lang.Object, java.lang.Object, long, int, int, int)'> (0x0000000787bbee38) thrown at [./src/hotspot/share/interpreter/linkResolver.cpp, line 773]
Event: 3.382 Thread 0x00007fbf7b93c000 Exception <a 'java/lang/NoSuchMethodError'{0x0000000787bd2aa0}: 'java.lang.Object java.lang.invoke.DirectMethodHandle$Holder.invokeStatic(java.lang.Object, java.lang.Object, int, java.lang.Object, long, int, int, int, int)'> (0x0000000787bd2aa0) thrown at [./src/hotspot/share/interpreter/linkResolver.cpp, line 773]
Event: 4.113 Thread 0x00007fbf7b93c000 Exception <a 'java/lang/NoSuchMethodError'{0x0000000787530248}: 'java.lang.Object java.lang.invoke.DirectMethodHandle$Holder.invokeStatic(java.lang.Object, java.lang.Object, int, int, int, int, int, java.lang.Object)'> (0x0000000787530248) thrown at [./src/hotspot/share/interpreter/linkResolver.cpp, line 773]
Event: 4.114 Thread 0x00007fbf7b93c000 Exception <a 'java/lang/NoSuchMethodError'{0x0000000787540ae0}: 'java.lang.Object java.lang.invoke.DirectMethodHandle$Holder.invokeStatic(java.lang.Object, java.lang.Object, java.lang.Object, int, int, int, int, int)'> (0x0000000787540ae0) thrown at [./src/hotspot/share/interpreter/linkResolver.cpp, line 773]
Event: 4.114 Thread 0x00007fbf7b93c000 Exception <a 'java/lang/NoSuchMethodError'{0x0000000787547350}: 'java.lang.Object java.lang.invoke.Invokers$Holder.linkToTargetMethod(java.lang.Object, java.lang.Object, int, int, int, int, int, java.lang.Object)'> (0x0000000787547350) thrown at [./src/hotspot/share/interpreter/linkResolver.cpp, line 773]
Event: 4.117 Thread 0x00007fbf7b93c000 Exception <a 'java/lang/NoSuchMethodError'{0x000000078755fb80}: 'long java.lang.invoke.DirectMethodHandle$Holder.invokeStaticInit(java.lang.Object, java.lang.Object, java.lang.Object)'> (0x000000078755fb80) thrown at [./src/hotspot/share/interpreter/linkResolver.cpp, line 773]
Event: 4.120 Thread 0x00007fbf7b93c000 Exception <a 'java/lang/NoSuchMethodError'{0x0000000787578418}: 'java.lang.Object java.lang.invoke.DirectMethodHandle$Holder.invokeStatic(java.lang.Object, java.lang.Object, long)'> (0x0000000787578418) thrown at [./src/hotspot/share/interpreter/linkResolver.cpp, line 773]
Event: 4.120 Thread 0x00007fbf7b93c000 Exception <a 'java/lang/NoSuchMethodError'{0x000000078757e590}: 'java.lang.Object java.lang.invoke.Invokers$Holder.linkToTargetMethod(java.lang.Object, long, java.lang.Object)'> (0x000000078757e590) thrown at [./src/hotspot/share/interpreter/linkResolver.cpp, line 773]
Event: 6.942 Thread 0x00007fbf7b93c000 Exception <a 'java/lang/NoSuchMethodError'{0x00000007873e38f0}: 'int java.lang.invoke.DirectMethodHandle$Holder.invokeSpecialIFC(java.lang.Object, java.lang.Object, int)'> (0x00000007873e38f0) thrown at [./src/hotspot/share/interpreter/linkResolver.cpp, line 773]
Event: 6.974 Thread 0x00007fbf7b93c000 Exception <a 'java/lang/NoClassDefFoundError'{0x0000000787104330}: com/sun/jna/Platform> (0x0000000787104330) thrown at [./src/hotspot/share/classfile/systemDictionary.cpp, line 219]
Event: 7.011 Thread 0x00007fbf7b93c000 Exception <a 'java/lang/NoSuchMethodError'{0x0000000787011ca8}: 'java.lang.Object java.lang.invoke.DirectMethodHandle$Holder.invokeStaticInit(java.lang.Object, java.lang.Object, long, java.lang.Object)'> (0x0000000787011ca8) thrown at [./src/hotspot/share/interpreter/linkResolver.cpp, line 773]
Event: 7.016 Thread 0x00007fbf7b93c000 Exception <a 'java/lang/NoClassDefFoundError'{0x0000000787038fd8}: com/sun/jna/Platform> (0x0000000787038fd8) thrown at [./src/hotspot/share/classfile/systemDictionary.cpp, line 219]
Event: 10.033 Thread 0x00007fbf7c0c2800 Exception <a 'java/lang/NoSuchMethodError'{0x000000078742e980}: 'java.lang.Object java.lang.invoke.DirectMethodHandle$Holder.invokeStaticInit(java.lang.Object, int)'> (0x000000078742e980) thrown at [./src/hotspot/share/interpreter/linkResolver.cpp, line 773]

Events (20 events):
Event: 9.943 loading class javafx/beans/Observable
Event: 9.943 loading class javafx/beans/Observable done
Event: 9.943 loading class javafx/scene/control/skin/VirtualFlow
Event: 9.943 loading class javafx/scene/control/skin/VirtualFlow done
Event: 9.962 loading class com/sun/javafx/FXPermissions
Event: 9.962 loading class com/sun/javafx/FXPermissions done
Event: 9.968 loading class com/sun/glass/ui/Window$UndecoratedMoveResizeHelper
Event: 9.968 loading class com/sun/glass/ui/Window$UndecoratedMoveResizeHelper done
Event: 9.968 loading class com/sun/glass/ui/Window$TrackingRectangle
Event: 9.968 loading class com/sun/glass/ui/Window$TrackingRectangle done
Event: 10.002 loading class javafx/beans/value/ObservableValue
Event: 10.002 loading class javafx/beans/value/ObservableValue done
Event: 10.002 loading class javafx/stage/PopupWindow
Event: 10.002 loading class javafx/stage/PopupWindow done
Event: 10.032 loading class com/sun/scenario/effect/impl/prism/PrRenderInfo
Event: 10.032 loading class com/sun/scenario/effect/impl/prism/PrRenderInfo done
Event: 10.032 loading class com/sun/scenario/effect/ImageDataRenderer
Event: 10.032 loading class com/sun/scenario/effect/ImageDataRenderer done
Event: 10.034 Executing VM operation: RevokeBias
Event: 10.035 Executing VM operation: RevokeBias done


Dynamic libraries:
0x0000000101d44000 	/Library/Java/JavaVirtualMachines/temurin-11.jdk/Contents/Home/lib/jli/libjli.dylib
0x00007ff8274f6000 	/System/Library/Frameworks/Cocoa.framework/Versions/A/Cocoa
0x00007ff81314e000 	/System/Library/Frameworks/AppKit.framework/Versions/C/AppKit
0x00007ff816665000 	/System/Library/Frameworks/CoreData.framework/Versions/A/CoreData
0x00007ff811551000 	/System/Library/Frameworks/Foundation.framework/Versions/C/Foundation
0x00007ff81b487000 	/usr/lib/libSystem.B.dylib
0x00007ff813fde000 	/System/Library/PrivateFrameworks/UIFoundation.framework/Versions/A/UIFoundation
0x00007ff8213f8000 	/System/Library/PrivateFrameworks/RemoteViewServices.framework/Versions/A/RemoteViewServices
0x00007ff8196db000 	/System/Library/PrivateFrameworks/XCTTargetBootstrap.framework/Versions/A/XCTTargetBootstrap
0x00007ff81d28e000 	/System/Library/PrivateFrameworks/InternationalSupport.framework/Versions/A/InternationalSupport
0x00007ff81d318000 	/System/Library/PrivateFrameworks/UserActivity.framework/Versions/A/UserActivity
0x00007ff81c66e000 	/usr/lib/libspindump.dylib
0x00007ff81426d000 	/System/Library/Frameworks/UniformTypeIdentifiers.framework/Versions/A/UniformTypeIdentifiers
0x00007ff817dff000 	/usr/lib/libapp_launch_measurement.dylib
0x00007ff817037000 	/System/Library/PrivateFrameworks/CoreAnalytics.framework/Versions/A/CoreAnalytics
0x00007ff817e02000 	/System/Library/PrivateFrameworks/CoreAutoLayout.framework/Versions/A/CoreAutoLayout
0x00007ff819032000 	/System/Library/Frameworks/Metal.framework/Versions/A/Metal
0x00007ff819d61000 	/usr/lib/liblangid.dylib
0x00007ff8196e0000 	/System/Library/PrivateFrameworks/CoreSVG.framework/Versions/A/CoreSVG
0x00007ff815659000 	/System/Library/PrivateFrameworks/SkyLight.framework/Versions/A/SkyLight
0x00007ff8159f8000 	/System/Library/Frameworks/CoreGraphics.framework/Versions/A/CoreGraphics
0x00007ff821ab8000 	/System/Library/Frameworks/Accelerate.framework/Versions/A/Accelerate
0x00007ff81c0ed000 	/System/Library/PrivateFrameworks/IconServices.framework/Versions/A/IconServices
0x00007ff819017000 	/System/Library/Frameworks/IOSurface.framework/Versions/A/IOSurface
0x00007ff817065000 	/usr/lib/libDiagnosticMessagesClient.dylib
0x00007ff81b3a7000 	/usr/lib/libz.1.dylib
0x00007ff82519a000 	/System/Library/Frameworks/ApplicationServices.framework/Versions/A/ApplicationServices
0x00007ff8196c7000 	/System/Library/PrivateFrameworks/DFRFoundation.framework/Versions/A/DFRFoundation
0x00007ff812a36000 	/usr/lib/libicucore.A.dylib
0x00007ff81e084000 	/System/Library/Frameworks/AudioToolbox.framework/Versions/A/AudioToolbox
0x00007ff81d29a000 	/System/Library/PrivateFrameworks/DataDetectorsCore.framework/Versions/A/DataDetectorsCore
0x00007ff919798000 	/System/Library/PrivateFrameworks/TextInput.framework/Versions/A/TextInput
0x00007ff8155dc000 	/usr/lib/libMobileGestalt.dylib
0x00007ff8193d3000 	/System/Library/Frameworks/Carbon.framework/Versions/A/Frameworks/HIToolbox.framework/Versions/A/HIToolbox
0x00007ff817802000 	/System/Library/Frameworks/QuartzCore.framework/Versions/A/QuartzCore
0x00007ff8126db000 	/System/Library/Frameworks/Security.framework/Versions/A/Security
0x00007ff821430000 	/System/Library/Frameworks/Carbon.framework/Versions/A/Frameworks/SpeechRecognition.framework/Versions/A/SpeechRecognition
0x00007ff817b5f000 	/System/Library/PrivateFrameworks/CoreUI.framework/Versions/A/CoreUI
0x00007ff811fa5000 	/System/Library/Frameworks/CoreAudio.framework/Versions/A/CoreAudio
0x00007ff817154000 	/System/Library/Frameworks/DiskArbitration.framework/Versions/A/DiskArbitration
0x00007ff81ca5c000 	/System/Library/PrivateFrameworks/MultitouchSupport.framework/Versions/A/MultitouchSupport
0x00007ff8155db000 	/usr/lib/libenergytrace.dylib
0x00007ff81303a000 	/System/Library/Frameworks/IOKit.framework/Versions/A/IOKit
0x00007ff821820000 	/System/Library/Frameworks/CoreServices.framework/Versions/A/CoreServices
0x00007ff817d99000 	/System/Library/PrivateFrameworks/PerformanceAnalysis.framework/Versions/A/PerformanceAnalysis
0x00007ffa2947a000 	/System/Library/Frameworks/OpenGL.framework/Versions/A/OpenGL
0x00007ff81a9c3000 	/System/Library/PrivateFrameworks/MobileKeyBag.framework/Versions/A/MobileKeyBag
0x00007ff81051b000 	/usr/lib/libobjc.A.dylib
0x00007ff8160c4000 	/System/Library/Frameworks/ColorSync.framework/Versions/A/ColorSync
0x00007ff8106d5000 	/System/Library/Frameworks/CoreFoundation.framework/Versions/A/CoreFoundation
0x00007ff819957000 	/System/Library/Frameworks/CoreImage.framework/Versions/A/CoreImage
0x00007ff811db9000 	/System/Library/Frameworks/CoreText.framework/Versions/A/CoreText
0x00007ff819710000 	/System/Library/Frameworks/ImageIO.framework/Versions/A/ImageIO
0x00007ff81b48d000 	/System/Library/PrivateFrameworks/SoftLinking.framework/Versions/A/SoftLinking
0x00007ff817e4a000 	/usr/lib/libxml2.2.dylib
0x00007ff8105e1000 	/usr/lib/libc++.1.dylib
0x00007ff81b711000 	/usr/lib/libcompression.dylib
0x00007ff81d1c1000 	/System/Library/PrivateFrameworks/TextureIO.framework/Versions/A/TextureIO
0x00007ff81bdff000 	/usr/lib/libate.dylib
0x00007ff81b482000 	/usr/lib/system/libcache.dylib
0x00007ff81b43e000 	/usr/lib/system/libcommonCrypto.dylib
0x00007ff81b467000 	/usr/lib/system/libcompiler_rt.dylib
0x00007ff81b45d000 	/usr/lib/system/libcopyfile.dylib
0x00007ff810416000 	/usr/lib/system/libcorecrypto.dylib
0x00007ff8104d4000 	/usr/lib/system/libdispatch.dylib
0x00007ff810694000 	/usr/lib/system/libdyld.dylib
0x00007ff81b479000 	/usr/lib/system/libkeymgr.dylib
0x00007ff81b41c000 	/usr/lib/system/libmacho.dylib
0x00007ff81aa9d000 	/usr/lib/system/libquarantine.dylib
0x00007ff81b477000 	/usr/lib/system/libremovefile.dylib
0x00007ff815629000 	/usr/lib/system/libsystem_asl.dylib
0x00007ff8103bf000 	/usr/lib/system/libsystem_blocks.dylib
0x00007ff810558000 	/usr/lib/system/libsystem_c.dylib
0x00007ff81b46f000 	/usr/lib/system/libsystem_collections.dylib
0x00007ff819d51000 	/usr/lib/system/libsystem_configuration.dylib
0x00007ff818ffa000 	/usr/lib/system/libsystem_containermanager.dylib
0x00007ff81b154000 	/usr/lib/system/libsystem_coreservices.dylib
0x00007ff812cca000 	/usr/lib/system/libsystem_darwin.dylib
0x00007ff81b47a000 	/usr/lib/system/libsystem_dnssd.dylib
0x00007ff810555000 	/usr/lib/system/libsystem_featureflags.dylib
0x00007ff8106aa000 	/usr/lib/system/libsystem_info.dylib
0x00007ff81b3ba000 	/usr/lib/system/libsystem_m.dylib
0x00007ff8104a8000 	/usr/lib/system/libsystem_malloc.dylib
0x00007ff8155c4000 	/usr/lib/system/libsystem_networkextension.dylib
0x00007ff8130f0000 	/usr/lib/system/libsystem_notify.dylib
0x00007ff8216f5000 	/usr/lib/system/libsystem_product_info_filter.dylib
0x00007ff819d55000 	/usr/lib/system/libsystem_sandbox.dylib
0x00007ff81b474000 	/usr/lib/system/libsystem_secinit.dylib
0x00007ff810650000 	/usr/lib/system/libsystem_kernel.dylib
0x00007ff8106a0000 	/usr/lib/system/libsystem_platform.dylib
0x00007ff810688000 	/usr/lib/system/libsystem_pthread.dylib
0x00007ff816e77000 	/usr/lib/system/libsystem_symptoms.dylib
0x00007ff8103fd000 	/usr/lib/system/libsystem_trace.dylib
0x00007ff81b44a000 	/usr/lib/system/libunwind.dylib
0x00007ff8103c1000 	/usr/lib/system/libxpc.dylib
0x00007ff81063a000 	/usr/lib/libc++abi.dylib
0x00007ff81b455000 	/usr/lib/liboah.dylib
0x00007ff81bbdb000 	/usr/lib/liblzma.5.dylib
0x00007ff811263000 	/System/Library/Frameworks/SystemConfiguration.framework/Versions/A/SystemConfiguration
0x00007ff81b489000 	/usr/lib/libfakelink.dylib
0x00007ff815134000 	/System/Library/Frameworks/CFNetwork.framework/Versions/A/CFNetwork
0x00007ff81b5ca000 	/usr/lib/libarchive.2.dylib
0x00007ff819d5d000 	/System/Library/PrivateFrameworks/AppleSystemInfo.framework/Versions/A/AppleSystemInfo
0x00007ff81aac4000 	/usr/lib/libbsm.0.dylib
0x00007ff814743000 	/usr/lib/libnetwork.dylib
0x00007ff81b422000 	/usr/lib/system/libkxld.dylib
0x00007ff81a6f7000 	/System/Library/PrivateFrameworks/IOMobileFramebuffer.framework/Versions/A/IOMobileFramebuffer
0x00007ffb28e44000 	/usr/lib/libCoreEntitlements.dylib
0x00007ff81b136000 	/System/Library/PrivateFrameworks/AppleFSCompression.framework/Versions/A/AppleFSCompression
0x00007ff81aaac000 	/usr/lib/libcoretls.dylib
0x00007ff81bbf5000 	/usr/lib/libcoretls_cfhelpers.dylib
0x00007ff81b70c000 	/usr/lib/libpam.2.dylib
0x00007ff816a96000 	/usr/lib/libsqlite3.dylib
0x00007ff81bc64000 	/usr/lib/libxar.1.dylib
0x00007ff81b146000 	/usr/lib/libbz2.1.0.dylib
0x00007ff81b48e000 	/usr/lib/libpcap.A.dylib
0x00007ff816e6f000 	/usr/lib/libdns_services.dylib
0x00007ff81b6dc000 	/usr/lib/libapple_nghttp2.dylib
0x00007ff81b4c8000 	/usr/lib/libiconv.2.dylib
0x00007ff81b41b000 	/usr/lib/libcharset.1.dylib
0x00007ff817dcd000 	/System/Library/Frameworks/CoreServices.framework/Versions/A/Frameworks/FSEvents.framework/Versions/A/FSEvents
0x00007ff812cd4000 	/System/Library/Frameworks/CoreServices.framework/Versions/A/Frameworks/CarbonCore.framework/Versions/A/CarbonCore
0x00007ff8170b8000 	/System/Library/Frameworks/CoreServices.framework/Versions/A/Frameworks/Metadata.framework/Versions/A/Metadata
0x00007ff81b159000 	/System/Library/Frameworks/CoreServices.framework/Versions/A/Frameworks/OSServices.framework/Versions/A/OSServices
0x00007ff81b651000 	/System/Library/Frameworks/CoreServices.framework/Versions/A/Frameworks/SearchKit.framework/Versions/A/SearchKit
0x00007ff816e01000 	/System/Library/Frameworks/CoreServices.framework/Versions/A/Frameworks/AE.framework/Versions/A/AE
0x00007ff810bd8000 	/System/Library/Frameworks/CoreServices.framework/Versions/A/Frameworks/LaunchServices.framework/Versions/A/LaunchServices
0x00007ff81bb8c000 	/System/Library/Frameworks/CoreServices.framework/Versions/A/Frameworks/DictionaryServices.framework/Versions/A/DictionaryServices
0x00007ff817dda000 	/System/Library/Frameworks/CoreServices.framework/Versions/A/Frameworks/SharedFileList.framework/Versions/A/SharedFileList
0x00007ff81aaa0000 	/usr/lib/libCheckFix.dylib
0x00007ff815640000 	/System/Library/PrivateFrameworks/TCC.framework/Versions/A/TCC
0x00007ff819d63000 	/System/Library/PrivateFrameworks/CoreNLP.framework/Versions/A/CoreNLP
0x00007ff817068000 	/System/Library/PrivateFrameworks/MetadataUtilities.framework/Versions/A/MetadataUtilities
0x00007ff811314000 	/usr/lib/libmecabra.dylib
0x00007ff81aad4000 	/usr/lib/libmecab.dylib
0x00007ff8112df000 	/usr/lib/libCRFSuite.dylib
0x00007ff81ab2e000 	/usr/lib/libgermantok.dylib
0x00007ff81b6b7000 	/usr/lib/libThaiTokenizer.dylib
0x00007ff81715b000 	/System/Library/Frameworks/Accelerate.framework/Versions/A/Frameworks/vImage.framework/Versions/A/vImage
0x00007ff8217f7000 	/System/Library/Frameworks/Accelerate.framework/Versions/A/Frameworks/vecLib.framework/Versions/A/vecLib
0x00007ff81bca5000 	/System/Library/Frameworks/Accelerate.framework/Versions/A/Frameworks/vecLib.framework/Versions/A/libvMisc.dylib
0x00007ff81a522000 	/System/Library/Frameworks/Accelerate.framework/Versions/A/Frameworks/vecLib.framework/Versions/A/libvDSP.dylib
0x00007ff810f53000 	/System/Library/Frameworks/Accelerate.framework/Versions/A/Frameworks/vecLib.framework/Versions/A/libBLAS.dylib
0x00007ff81b7ee000 	/System/Library/Frameworks/Accelerate.framework/Versions/A/Frameworks/vecLib.framework/Versions/A/libLAPACK.dylib
0x00007ff81ab31000 	/System/Library/Frameworks/Accelerate.framework/Versions/A/Frameworks/vecLib.framework/Versions/A/libLinearAlgebra.dylib
0x00007ff81b6f4000 	/System/Library/Frameworks/Accelerate.framework/Versions/A/Frameworks/vecLib.framework/Versions/A/libSparseBLAS.dylib
0x00007ff81b7e8000 	/System/Library/Frameworks/Accelerate.framework/Versions/A/Frameworks/vecLib.framework/Versions/A/libQuadrature.dylib
0x00007ff819e4e000 	/System/Library/Frameworks/Accelerate.framework/Versions/A/Frameworks/vecLib.framework/Versions/A/libBNNS.dylib
0x00007ff8111ed000 	/System/Library/Frameworks/Accelerate.framework/Versions/A/Frameworks/vecLib.framework/Versions/A/libSparse.dylib
0x00007ff819e47000 	/System/Library/PrivateFrameworks/LinguisticData.framework/Versions/A/LinguisticData
0x00007ff8111a3000 	/System/Library/PrivateFrameworks/Lexicon.framework/Versions/A/Lexicon
0x00007ff81bc9e000 	/usr/lib/libChineseTokenizer.dylib
0x00007ff81190e000 	/System/Library/PrivateFrameworks/LanguageModeling.framework/Versions/A/LanguageModeling
0x00007ff81b6b9000 	/System/Library/PrivateFrameworks/AppleSauce.framework/Versions/A/AppleSauce
0x00007ff81a6e5000 	/System/Library/PrivateFrameworks/CoreEmoji.framework/Versions/A/CoreEmoji
0x00007ff81b5b9000 	/usr/lib/libcmph.dylib
0x00007ff817db1000 	/System/Library/Frameworks/OpenDirectory.framework/Versions/A/Frameworks/CFOpenDirectory.framework/Versions/A/CFOpenDirectory
0x00007ff817da5000 	/System/Library/Frameworks/OpenDirectory.framework/Versions/A/OpenDirectory
0x00007ff81bbf7000 	/System/Library/PrivateFrameworks/APFS.framework/Versions/A/APFS
0x00007ff81a9fb000 	/System/Library/Frameworks/SecurityFoundation.framework/Versions/A/SecurityFoundation
0x00007ff81bc72000 	/usr/lib/libutil.dylib
0x00007ff812ffe000 	/System/Library/PrivateFrameworks/CoreServicesStore.framework/Versions/A/CoreServicesStore
0x00007ff81bc76000 	/usr/lib/libxslt.1.dylib
0x00007ff81aa88000 	/System/Library/PrivateFrameworks/BackgroundTaskManagement.framework/Versions/A/BackgroundTaskManagement
0x00007ff81d0e1000 	/System/Library/Frameworks/ImageIO.framework/Versions/A/Resources/libRadiance.dylib
0x00007ff81d0ea000 	/System/Library/Frameworks/ImageIO.framework/Versions/A/Resources/libJPEG.dylib
0x00007ff81d03b000 	/System/Library/Frameworks/ImageIO.framework/Versions/A/Resources/libPng.dylib
0x00007ff81d05c000 	/System/Library/Frameworks/ImageIO.framework/Versions/A/Resources/libTIFF.dylib
0x00007ff81d14a000 	/System/Library/Frameworks/ImageIO.framework/Versions/A/Resources/libGIF.dylib
0x00007ff81c976000 	/System/Library/Frameworks/ImageIO.framework/Versions/A/Resources/libJP2.dylib
0x00007ff81c0b4000 	/usr/lib/libexpat.1.dylib
0x00007ff81c92b000 	/System/Library/PrivateFrameworks/AppleJPEG.framework/Versions/A/AppleJPEG
0x00007ff819297000 	/System/Library/PrivateFrameworks/FontServices.framework/libFontParser.dylib
0x00007ff816dab000 	/System/Library/PrivateFrameworks/RunningBoardServices.framework/Versions/A/RunningBoardServices
0x00007ff827ab1000 	/System/Library/PrivateFrameworks/IOSurfaceAccelerator.framework/Versions/A/IOSurfaceAccelerator
0x00007ff81ca58000 	/System/Library/PrivateFrameworks/WatchdogClient.framework/Versions/A/WatchdogClient
0x00007ff8119fc000 	/System/Library/Frameworks/CoreDisplay.framework/Versions/A/CoreDisplay
0x00007ff819195000 	/System/Library/Frameworks/CoreMedia.framework/Versions/A/CoreMedia
0x00007ff819029000 	/System/Library/PrivateFrameworks/IOAccelerator.framework/Versions/A/IOAccelerator
0x00007ff817f2e000 	/System/Library/Frameworks/CoreVideo.framework/Versions/A/CoreVideo
0x00007ff81b70a000 	/System/Library/Frameworks/MetalPerformanceShaders.framework/Versions/A/MetalPerformanceShaders
0x00007ff81ca95000 	/System/Library/Frameworks/VideoToolbox.framework/Versions/A/VideoToolbox
0x00007ff816cf5000 	/System/Library/PrivateFrameworks/BaseBoard.framework/Versions/A/BaseBoard
0x00007ff816a7c000 	/System/Library/PrivateFrameworks/ProtocolBuffer.framework/Versions/A/ProtocolBuffer
0x00007ff81d0da000 	/System/Library/PrivateFrameworks/GPUWrangler.framework/Versions/A/GPUWrangler
0x00007ff81d0be000 	/System/Library/PrivateFrameworks/IOPresentment.framework/Versions/A/IOPresentment
0x00007ff81d0e4000 	/System/Library/PrivateFrameworks/DSExternalDisplay.framework/Versions/A/DSExternalDisplay
0x00007ffa2946e000 	/System/Library/Frameworks/OpenGL.framework/Versions/A/Libraries/libCoreFSCache.dylib
0x00007ffb16545000 	/System/Library/PrivateFrameworks/GPUCompiler.framework/Versions/31001/Libraries/libGPUCompilerUtils.dylib
0x00007ff81d14f000 	/System/Library/PrivateFrameworks/CMCaptureCore.framework/Versions/A/CMCaptureCore
0x00007ff81c65c000 	/System/Library/PrivateFrameworks/AppServerSupport.framework/Versions/A/AppServerSupport
0x00007ff81e91d000 	/System/Library/PrivateFrameworks/perfdata.framework/Versions/A/perfdata
0x00007ff811b28000 	/System/Library/PrivateFrameworks/AudioToolboxCore.framework/Versions/A/AudioToolboxCore
0x00007ff819173000 	/System/Library/PrivateFrameworks/caulk.framework/Versions/A/caulk
0x00007ff81e22f000 	/usr/lib/libAudioStatistics.dylib
0x00007ff915f26000 	/System/Library/PrivateFrameworks/SystemPolicy.framework/Versions/A/SystemPolicy
0x00007ff81e48a000 	/usr/lib/libSMC.dylib
0x00007ff8273a9000 	/System/Library/Frameworks/CoreMIDI.framework/Versions/A/CoreMIDI
0x00007ff81d00a000 	/usr/lib/libAudioToolboxUtility.dylib
0x00007ff912152000 	/System/Library/PrivateFrameworks/OSAServicesClient.framework/Versions/A/OSAServicesClient
0x00007ff81e92a000 	/usr/lib/libperfcheck.dylib
0x00007ff9169d3000 	/usr/lib/libmis.dylib
0x00007ffa294c9000 	/System/Library/Frameworks/OpenGL.framework/Versions/A/Libraries/libGLU.dylib
0x00007ffa2948d000 	/System/Library/Frameworks/OpenGL.framework/Versions/A/Libraries/libGFXShared.dylib
0x00007ffa29696000 	/System/Library/Frameworks/OpenGL.framework/Versions/A/Libraries/libGL.dylib
0x00007ffa29496000 	/System/Library/Frameworks/OpenGL.framework/Versions/A/Libraries/libGLImage.dylib
0x00007ffa2948a000 	/System/Library/Frameworks/OpenGL.framework/Versions/A/Libraries/libCVMSPluginSupport.dylib
0x00007ffa29475000 	/System/Library/Frameworks/OpenGL.framework/Versions/A/Libraries/libCoreVMClient.dylib
0x00007ff819cdf000 	/System/Library/Frameworks/MetalPerformanceShaders.framework/Versions/A/Frameworks/MPSCore.framework/Versions/A/MPSCore
0x00007ff81b0a1000 	/System/Library/Frameworks/MetalPerformanceShaders.framework/Versions/A/Frameworks/MPSImage.framework/Versions/A/MPSImage
0x00007ff81ab47000 	/System/Library/Frameworks/MetalPerformanceShaders.framework/Versions/A/Frameworks/MPSNeuralNetwork.framework/Versions/A/MPSNeuralNetwork
0x00007ff81afbb000 	/System/Library/Frameworks/MetalPerformanceShaders.framework/Versions/A/Frameworks/MPSMatrix.framework/Versions/A/MPSMatrix
0x00007ff81ad76000 	/System/Library/Frameworks/MetalPerformanceShaders.framework/Versions/A/Frameworks/MPSRayIntersector.framework/Versions/A/MPSRayIntersector
0x00007ff81aff3000 	/System/Library/Frameworks/MetalPerformanceShaders.framework/Versions/A/Frameworks/MPSNDArray.framework/Versions/A/MPSNDArray
0x00007ffa2ef4e000 	/System/Library/Frameworks/MetalPerformanceShaders.framework/Versions/A/Frameworks/MPSFunctions.framework/Versions/A/MPSFunctions
0x00007ff810e2f000 	/System/Library/PrivateFrameworks/MetalTools.framework/Versions/A/MetalTools
0x00007ff819d5b000 	/System/Library/PrivateFrameworks/AggregateDictionary.framework/Versions/A/AggregateDictionary
0x00007ff81be96000 	/usr/lib/libIOReport.dylib
0x00007ffa2aaa5000 	/System/Library/Frameworks/OpenCL.framework/Versions/A/OpenCL
0x00007ff81c1fa000 	/System/Library/PrivateFrameworks/FaceCore.framework/Versions/A/FaceCore
0x00007ff81c1eb000 	/System/Library/PrivateFrameworks/GraphVisualizer.framework/Versions/A/GraphVisualizer
0x00007ffb16450000 	/System/Library/PrivateFrameworks/FontServices.framework/Versions/A/FontServices
0x00007ff81c614000 	/System/Library/PrivateFrameworks/OTSVG.framework/Versions/A/OTSVG
0x00007ff817b15000 	/System/Library/Frameworks/ApplicationServices.framework/Versions/A/Frameworks/ATS.framework/Versions/A/Resources/libFontRegistry.dylib
0x00007ff81c664000 	/System/Library/PrivateFrameworks/FontServices.framework/libhvf.dylib
0x00007ffb16451000 	/System/Library/PrivateFrameworks/FontServices.framework/libXTFontStaticRegistryData.dylib
0x00007ff81c064000 	/System/Library/PrivateFrameworks/AppleVA.framework/Versions/A/AppleVA
0x00007ff81e24f000 	/System/Library/Frameworks/ApplicationServices.framework/Versions/A/Frameworks/ATS.framework/Versions/A/ATS
0x00007ff8161c2000 	/System/Library/Frameworks/ApplicationServices.framework/Versions/A/Frameworks/HIServices.framework/Versions/A/HIServices
0x00007ff81d159000 	/System/Library/Frameworks/ApplicationServices.framework/Versions/A/Frameworks/PrintCore.framework/Versions/A/PrintCore
0x00007ff81e5dd000 	/System/Library/Frameworks/ApplicationServices.framework/Versions/A/Frameworks/QD.framework/Versions/A/QD
0x00007ff81e5d5000 	/System/Library/Frameworks/ApplicationServices.framework/Versions/A/Frameworks/ColorSyncLegacy.framework/Versions/A/ColorSyncLegacy
0x00007ff81e23f000 	/System/Library/Frameworks/ApplicationServices.framework/Versions/A/Frameworks/SpeechSynthesis.framework/Versions/A/SpeechSynthesis
0x00007ff81d11a000 	/System/Library/Frameworks/ApplicationServices.framework/Versions/A/Frameworks/ATSUI.framework/Versions/A/ATSUI
0x00007ff81e56a000 	/usr/lib/libcups.2.dylib
0x00007ff81e939000 	/System/Library/Frameworks/Kerberos.framework/Versions/A/Kerberos
0x00007ff81e948000 	/System/Library/Frameworks/GSS.framework/Versions/A/GSS
0x00007ff81e2bb000 	/usr/lib/libresolv.9.dylib
0x00007ff81c673000 	/System/Library/PrivateFrameworks/Heimdal.framework/Versions/A/Heimdal
0x00007ff82552c000 	/System/Library/Frameworks/Kerberos.framework/Versions/A/Libraries/libHeimdalProxy.dylib
0x00007ff816e7f000 	/System/Library/Frameworks/Network.framework/Versions/A/Network
0x00007ff81c0ce000 	/usr/lib/libheimdal-asn1.dylib
0x00007ff81e993000 	/System/Library/PrivateFrameworks/CommonAuth.framework/Versions/A/CommonAuth
0x00007ff81e1c1000 	/System/Library/PrivateFrameworks/AudioSession.framework/Versions/A/AudioSession
0x00007ff81c15e000 	/System/Library/PrivateFrameworks/MediaExperience.framework/Versions/A/MediaExperience
0x00007ff81e053000 	/System/Library/PrivateFrameworks/AudioSession.framework/libSessionUtility.dylib
0x00007ff81e5e9000 	/System/Library/PrivateFrameworks/AudioResourceArbitration.framework/Versions/A/AudioResourceArbitration
0x00007ff82266a000 	/System/Library/PrivateFrameworks/PowerLog.framework/Versions/A/PowerLog
0x00007ff81c0d7000 	/System/Library/PrivateFrameworks/IconFoundation.framework/Versions/A/IconFoundation
0x00007ff821420000 	/System/Library/PrivateFrameworks/SpeechRecognitionCore.framework/Versions/A/SpeechRecognitionCore
0x0000000102b0b000 	/Library/Java/JavaVirtualMachines/temurin-11.jdk/Contents/Home/lib/server/libjvm.dylib
0x0000000101d73000 	/Library/Java/JavaVirtualMachines/temurin-11.jdk/Contents/Home/lib/libverify.dylib
0x0000000101db0000 	/Library/Java/JavaVirtualMachines/temurin-11.jdk/Contents/Home/lib/libjava.dylib
0x0000000101d84000 	/Library/Java/JavaVirtualMachines/temurin-11.jdk/Contents/Home/lib/libjimage.dylib
0x0000000101d9d000 	/Library/Java/JavaVirtualMachines/temurin-11.jdk/Contents/Home/lib/libzip.dylib
0x0000000102856000 	/Library/Java/JavaVirtualMachines/temurin-11.jdk/Contents/Home/lib/libnio.dylib
0x0000000102882000 	/Library/Java/JavaVirtualMachines/temurin-11.jdk/Contents/Home/lib/libnet.dylib
0x0000000102869000 	/Users/francescopriola/.openjfx/cache/11/libprism_es2.dylib
0x00007ff812fc0000 	/System/Library/PrivateFrameworks/CoreServicesInternal.framework/Versions/A/CoreServicesInternal
0x00007ffa296a1000 	/System/Library/Frameworks/OpenGL.framework/Versions/A/Resources/GLEngine.bundle/GLEngine
0x00007ffa29507000 	/System/Library/Frameworks/OpenGL.framework/Versions/A/Libraries/libGLProgrammability.dylib
0x00007ffa1e51d000 	/System/Library/Extensions/AppleIntelKBLGraphicsGLDriver.bundle/Contents/MacOS/AppleIntelKBLGraphicsGLDriver
0x00007ff920b6e000 	/System/Library/PrivateFrameworks/GPUSupport.framework/Versions/A/Libraries/libGPUSupportMercury.dylib
0x00007ffa2982b000 	/System/Library/Frameworks/OpenGL.framework/Versions/A/Resources/GLRendererFloat.bundle/GLRendererFloat
0x0000000104d65000 	/Users/francescopriola/.openjfx/cache/11/libglass.dylib
0x00007ff822c5b000 	/System/Library/Frameworks/FileProvider.framework/Versions/A/FileProvider
0x00007ff816c62000 	/System/Library/Frameworks/Accounts.framework/Versions/A/Accounts
0x00007ff822dd4000 	/System/Library/PrivateFrameworks/GenerationalStorage.framework/Versions/A/GenerationalStorage
0x00007ff8238e4000 	/System/Library/PrivateFrameworks/CoreSymbolication.framework/Versions/A/CoreSymbolication
0x00007ff82265f000 	/System/Library/PrivateFrameworks/SymptomDiagnosticReporter.framework/Versions/A/SymptomDiagnosticReporter
0x00007ff814281000 	/System/Library/PrivateFrameworks/DesktopServicesPriv.framework/Versions/A/DesktopServicesPriv
0x00007ff8130ff000 	/usr/lib/libsandbox.1.dylib
0x00007ff817fad000 	/System/Library/PrivateFrameworks/UserManagement.framework/Versions/A/UserManagement
0x00007ff8238a9000 	/System/Library/PrivateFrameworks/DebugSymbols.framework/Versions/A/DebugSymbols
0x00007ff81e5ca000 	/System/Library/PrivateFrameworks/NetAuth.framework/Versions/A/NetAuth
0x00007ff81f4d9000 	/System/Library/PrivateFrameworks/Sharing.framework/Versions/A/Sharing
0x00007ff817f80000 	/System/Library/PrivateFrameworks/login.framework/Versions/A/Frameworks/loginsupport.framework/Versions/A/loginsupport
0x00007ff824a47000 	/System/Library/PrivateFrameworks/Apple80211.framework/Versions/A/Apple80211
0x00007ff81b186000 	/System/Library/PrivateFrameworks/AuthKit.framework/Versions/A/AuthKit
0x00007ff81a7db000 	/System/Library/PrivateFrameworks/CoreUtils.framework/Versions/A/CoreUtils
0x00007ff81a702000 	/System/Library/Frameworks/CoreWLAN.framework/Versions/A/CoreWLAN
0x00007ff81f638000 	/System/Library/Frameworks/IOBluetooth.framework/Versions/A/IOBluetooth
0x00007ff824aaf000 	/System/Library/PrivateFrameworks/CoreWiFi.framework/Versions/A/CoreWiFi
0x00007ff82347e000 	/System/Library/PrivateFrameworks/FrontBoardServices.framework/Versions/A/FrontBoardServices
0x00007ff82350f000 	/System/Library/PrivateFrameworks/BoardServices.framework/Versions/A/BoardServices
0x00007ff81a9ea000 	/System/Library/PrivateFrameworks/AssertionServices.framework/Versions/A/AssertionServices
0x00007ff824c32000 	/System/Library/PrivateFrameworks/BackBoardServices.framework/Versions/A/BackBoardServices
0x00007ff81ea24000 	/System/Library/PrivateFrameworks/CorePhoneNumbers.framework/Versions/A/CorePhoneNumbers
0x00007ff81e2e8000 	/System/Library/PrivateFrameworks/MultiverseSupport.framework/Versions/A/MultiverseSupport
0x00007ff824ea5000 	/System/Library/PrivateFrameworks/RemoteServiceDiscovery.framework/Versions/A/RemoteServiceDiscovery
0x00007ff82277c000 	/System/Library/PrivateFrameworks/DiskManagement.framework/Versions/A/DiskManagement
0x00007ff822690000 	/System/Library/PrivateFrameworks/AppleIDAuthSupport.framework/Versions/A/AppleIDAuthSupport
0x00007ffb10dcb000 	/System/Library/PrivateFrameworks/AAAFoundation.framework/Versions/A/AAAFoundation
0x00007ff81ea05000 	/System/Library/PrivateFrameworks/KeychainCircle.framework/Versions/A/KeychainCircle
0x00007ff824eb5000 	/System/Library/PrivateFrameworks/RemoteXPC.framework/Versions/A/RemoteXPC
0x00007ff822748000 	/System/Library/PrivateFrameworks/MediaKit.framework/Versions/A/MediaKit
0x00007ff82269c000 	/System/Library/Frameworks/DiscRecording.framework/Versions/A/DiscRecording
0x00007ff81bfdc000 	/usr/lib/libCoreStorage.dylib
0x00007ff824f20000 	/usr/lib/libcsfde.dylib
0x00007ff81f705000 	/System/Library/PrivateFrameworks/ProtectedCloudStorage.framework/Versions/A/ProtectedCloudStorage
0x00007ff824f1c000 	/System/Library/PrivateFrameworks/EFILogin.framework/Versions/A/EFILogin
0x00007ff822dfa000 	/System/Library/PrivateFrameworks/OctagonTrust.framework/Versions/A/OctagonTrust
0x00007ffb156b3000 	/System/Library/PrivateFrameworks/CoreUtilsExtras.framework/Versions/A/CoreUtilsExtras
0x00007ff8225c3000 	/System/Library/Frameworks/CoreBluetooth.framework/Versions/A/CoreBluetooth
0x00007ff8255b1000 	/System/Library/Frameworks/AudioUnit.framework/Versions/A/AudioUnit
0x00007ff81bfd4000 	/usr/lib/libMatch.1.dylib
0x00007ff91aff7000 	/System/Library/Frameworks/Accelerate.framework/Versions/A/Frameworks/vImage.framework/Versions/A/Libraries/libCGInterfaces.dylib
0x00000001254f5000 	/usr/lib/libobjc-trampolines.dylib
0x00007ff817ca5000 	/System/Library/PrivateFrameworks/ViewBridge.framework/Versions/A/ViewBridge
0x00007ffb28f33000 	/usr/lib/libRosetta.dylib
0x0000000128f1a000 	/Users/francescopriola/.openjfx/cache/11/libjavafx_font.dylib
0x00007ff81c72a000 	/System/Library/PrivateFrameworks/login.framework/Versions/A/login
0x00007ff821b3c000 	/System/Library/PrivateFrameworks/SystemAdministration.framework/Versions/A/SystemAdministration
0x00007ff81d383000 	/System/Library/Frameworks/MediaToolbox.framework/Versions/A/MediaToolbox
0x00007ff8213ec000 	/System/Library/Frameworks/DirectoryService.framework/Versions/A/DirectoryService
0x00007ff824dbe000 	/System/Library/PrivateFrameworks/DiskImages.framework/Versions/A/DiskImages
0x00007ff81aa92000 	/System/Library/Frameworks/ServiceManagement.framework/Versions/A/ServiceManagement
0x00007ff824f9a000 	/System/Library/PrivateFrameworks/LoginUIKit.framework/Versions/A/Frameworks/LoginUICore.framework/Versions/A/LoginUICore
0x00007ff81c8d3000 	/usr/lib/libodfde.dylib
0x00007ff822c2b000 	/System/Library/PrivateFrameworks/CoreAVCHD.framework/Versions/A/CoreAVCHD
0x00007ff821b00000 	/System/Library/Frameworks/MediaAccessibility.framework/Versions/A/MediaAccessibility
0x00007ff822c27000 	/System/Library/PrivateFrameworks/Mangrove.framework/Versions/A/Mangrove
0x00007ff821b0b000 	/System/Library/PrivateFrameworks/AlgosScoreFramework.framework/Versions/A/AlgosScoreFramework
0x00007ffb129a7000 	/System/Library/PrivateFrameworks/CMPhoto.framework/Versions/A/CMPhoto
0x00007ff82377f000 	/System/Library/PrivateFrameworks/AppleVPA.framework/Versions/A/AppleVPA
0x00007ff82286c000 	/System/Library/PrivateFrameworks/CoreAUC.framework/Versions/A/CoreAUC
0x00007ff824f2c000 	/usr/lib/libcurl.4.dylib
0x00007ffb2939f000 	/usr/lib/libcrypto.46.dylib
0x00007ffb29894000 	/usr/lib/libssl.48.dylib
0x00007ff824c50000 	/System/Library/Frameworks/LDAP.framework/Versions/A/LDAP
0x00007ff824c88000 	/System/Library/PrivateFrameworks/TrustEvaluationAgent.framework/Versions/A/TrustEvaluationAgent
0x00007ff81e2d4000 	/usr/lib/libsasl2.2.dylib
0x00007ff821b30000 	/System/Library/PrivateFrameworks/CoreDaemon.framework/Versions/B/CoreDaemon
0x00007ff821b2b000 	/System/Library/PrivateFrameworks/AppleSRP.framework/Versions/A/AppleSRP
0x000000012e5af000 	/Library/Java/JavaVirtualMachines/temurin-11.jdk/Contents/Home/lib/libextnet.dylib


VM Arguments:
jvm_args: -Dfile.encoding=UTF-8 
java_command: it.polito.tdp.itunes.Main
java_class_path (initial): /Users/francescopriola/git/2022-06-29-C/target/classes:/Users/francescopriola/.m2/repository/org/openjfx/javafx-controls/11/javafx-controls-11.jar:/Users/francescopriola/.m2/repository/org/openjfx/javafx-controls/11/javafx-controls-11-mac.jar:/Users/francescopriola/.m2/repository/org/openjfx/javafx-graphics/11/javafx-graphics-11.jar:/Users/francescopriola/.m2/repository/org/openjfx/javafx-graphics/11/javafx-graphics-11-mac.jar:/Users/francescopriola/.m2/repository/org/openjfx/javafx-base/11/javafx-base-11.jar:/Users/francescopriola/.m2/repository/org/openjfx/javafx-base/11/javafx-base-11-mac.jar:/Users/francescopriola/.m2/repository/org/openjfx/javafx-fxml/11/javafx-fxml-11.jar:/Users/francescopriola/.m2/repository/org/openjfx/javafx-fxml/11/javafx-fxml-11-mac.jar:/Users/francescopriola/.m2/repository/com/zaxxer/HikariCP/3.4.2/HikariCP-3.4.2.jar:/Users/francescopriola/.m2/repository/org/jgrapht/jgrapht-core/1.5.1/jgrapht-core-1.5.1.jar:/Users/francescopriola/.m2/repository/org/jheaps/jheaps/0.13/jheaps-0.13.jar:/Users/francescopriola/.m2/repository/org/mariadb/jdbc/mariadb-java-client/2.5.4/mariadb-java-client-2.5.4.jar:/Users/francescopriola/.m2/repository/org/slf4j/slf4j-api/1.7.30/slf4j-api-1.7.30.jar:/Users/francescopriola/.m2/repository/org/slf4j/slf4j-simple/1.7.30/slf4j-simple-1.7.30.jar
Launcher Type: SUN_STANDARD

[Global flags]
     intx CICompilerCount                          = 3                                         {product} {ergonomic}
     uint ConcGCThreads                            = 1                                         {product} {ergonomic}
     uint G1ConcRefinementThreads                  = 4                                         {product} {ergonomic}
   size_t G1HeapRegionSize                         = 1048576                                   {product} {ergonomic}
    uintx GCDrainStackTargetSize                   = 64                                        {product} {ergonomic}
   size_t InitialHeapSize                          = 134217728                                 {product} {ergonomic}
   size_t MarkStackSize                            = 4194304                                   {product} {ergonomic}
   size_t MaxHeapSize                              = 2147483648                                {product} {ergonomic}
   size_t MaxNewSize                               = 1287651328                                {product} {ergonomic}
   size_t MinHeapDeltaBytes                        = 1048576                                   {product} {ergonomic}
    uintx NonNMethodCodeHeapSize                   = 5830732                                {pd product} {ergonomic}
    uintx NonProfiledCodeHeapSize                  = 122913754                              {pd product} {ergonomic}
    uintx ProfiledCodeHeapSize                     = 122913754                              {pd product} {ergonomic}
    uintx ReservedCodeCacheSize                    = 251658240                              {pd product} {ergonomic}
     bool SegmentedCodeCache                       = true                                      {product} {ergonomic}
     bool UseCompressedClassPointers               = true                                 {lp64_product} {ergonomic}
     bool UseCompressedOops                        = true                                 {lp64_product} {ergonomic}
     bool UseG1GC                                  = true                                      {product} {ergonomic}

Logging:
Log output configuration:
 #0: stdout all=warning uptime,level,tags
 #1: stderr all=off uptime,level,tags

Environment Variables:
PATH=/usr/bin:/bin:/usr/sbin:/sbin
SHELL=/bin/zsh

Signal Handlers:
SIGSEGV: [libjvm.dylib+0x7c69d4], sa_mask[0]=11111111011111110111111111111111, sa_flags=SA_ONSTACK|SA_RESTART|SA_SIGINFO
SIGBUS: [libjvm.dylib+0x7c69d4], sa_mask[0]=11111111011111110111111111111111, sa_flags=SA_RESTART|SA_SIGINFO
SIGFPE: [libjvm.dylib+0x7c69d4], sa_mask[0]=11111111011111110111111111111111, sa_flags=SA_RESTART|SA_SIGINFO
SIGPIPE: [libjvm.dylib+0x62b2ae], sa_mask[0]=11111111011111110111111111111111, sa_flags=SA_RESTART|SA_SIGINFO
SIGXFSZ: [libjvm.dylib+0x62b2ae], sa_mask[0]=11111111011111110111111111111111, sa_flags=SA_RESTART|SA_SIGINFO
SIGILL: [libjvm.dylib+0x7c69d4], sa_mask[0]=11111111011111110111111111111111, sa_flags=SA_RESTART|SA_SIGINFO
SIGUSR2: [libjvm.dylib+0x62b895], sa_mask[0]=00100000000000000000000000000000, sa_flags=SA_RESTART|SA_SIGINFO
SIGHUP: [libjvm.dylib+0x62a477], sa_mask[0]=11111111011111110111111111111111, sa_flags=SA_RESTART|SA_SIGINFO
SIGINT: [libjvm.dylib+0x62a477], sa_mask[0]=11111111011111110111111111111111, sa_flags=SA_RESTART|SA_SIGINFO
SIGTERM: [libjvm.dylib+0x62a477], sa_mask[0]=11111111011111110111111111111111, sa_flags=SA_RESTART|SA_SIGINFO
SIGQUIT: [libjvm.dylib+0x62a477], sa_mask[0]=11111111011111110111111111111111, sa_flags=SA_RESTART|SA_SIGINFO


---------------  S Y S T E M  ---------------

OS:uname:Darwin 21.6.0 Darwin Kernel Version 21.6.0: Wed Aug 10 14:25:27 PDT 2022; root:xnu-8020.141.5~2/RELEASE_X86_64 x86_64
OS uptime: 0 days 7:09 hours
rlimit (soft/hard): STACK 8192k/65532k , CORE 0k/infinity , NPROC 1392/2088 , NOFILE 10240/infinity , AS infinity/infinity , CPU infinity/infinity , DATA infinity/infinity , FSIZE infinity/infinity , MEMLOCK infinity/infinity , RSS infinity/infinity
load average:2.32 1.98 1.98

CPU:total 4 (initial active 4) (2 cores per cpu, 2 threads per core) family 6 model 142 stepping 9 microcode 0xf0, cmov, cx8, fxsr, mmx, sse, sse2, sse3, ssse3, sse4.1, sse4.2, popcnt, avx, avx2, aes, clmul, erms, rtm, 3dnowpref, lzcnt, ht, tsc, tscinvbit, bmi1, bmi2, adx, fma

Memory: 4k page, physical 8388608k(81388k free), swap 1048576k(721664k free)

vm_info: OpenJDK 64-Bit Server VM (11.0.14.1+1) for bsd-amd64 JRE (11.0.14.1+1), built on Feb  8 2022 17:43:13 by "jenkins" with clang 4.2.1 Compatible Apple LLVM 10.0.1 (clang-1001.0.46.4)

END.
